info: server started... {"timestamp":"2024-02-03T14:08:00.512Z"}
info: server started... {"timestamp":"2024-02-03T14:08:47.085Z"}
info: server started... {"timestamp":"2024-02-03T14:09:08.250Z"}
info: server started... {"timestamp":"2024-02-03T14:09:16.078Z"}
info: server started... {"timestamp":"2024-02-03T14:12:23.226Z"}
info: server started... {"timestamp":"2024-02-03T14:12:49.074Z"}
info: server started... {"timestamp":"2024-02-03T14:14:47.770Z"}
info: server started... {"timestamp":"2024-02-03T14:19:00.213Z"}
info: server started... {"timestamp":"2024-02-03T14:21:51.938Z"}
info: server started... {"timestamp":"2024-02-03T14:26:03.045Z"}
info: server started... {"timestamp":"2024-02-03T14:26:28.017Z"}
info: server started... {"timestamp":"2024-02-03T14:26:58.946Z"}
info: server started... {"timestamp":"2024-02-03T14:28:35.943Z"}
info: server started... {"timestamp":"2024-02-03T14:28:45.530Z"}
info: server started... {"timestamp":"2024-02-03T14:28:54.586Z"}
info: server started... {"timestamp":"2024-02-03T14:29:09.860Z"}
info: server started... {"timestamp":"2024-02-03T14:29:48.516Z"}
info: server started... {"timestamp":"2024-02-03T14:30:07.056Z"}
info: server started... {"timestamp":"2024-02-03T14:30:49.695Z"}
info: server started... {"timestamp":"2024-02-03T14:31:01.506Z"}
info: server started... {"timestamp":"2024-02-03T14:31:09.672Z"}
info: server started... {"timestamp":"2024-02-03T14:31:18.752Z"}
info: server started... {"timestamp":"2024-02-03T14:31:25.069Z"}
info: server started... {"timestamp":"2024-02-03T14:33:40.525Z"}
info: server started... {"timestamp":"2024-02-03T14:33:53.267Z"}
info: server started... {"timestamp":"2024-02-03T14:34:26.363Z"}
info: server started... {"timestamp":"2024-02-03T14:35:36.241Z"}
info: server started... {"timestamp":"2024-02-03T14:35:37.432Z"}
info: server started... {"timestamp":"2024-02-03T14:36:18.825Z"}
info: server started... {"timestamp":"2024-02-03T14:36:24.995Z"}
info: server started... {"timestamp":"2024-02-03T14:36:57.404Z"}
info: server started... {"timestamp":"2024-02-03T14:37:07.582Z"}
info: server started... {"timestamp":"2024-02-03T14:37:15.823Z"}
info: server started... {"timestamp":"2024-02-03T14:37:19.375Z"}
info: server started... {"timestamp":"2024-02-03T14:37:33.430Z"}
info: server started... {"timestamp":"2024-02-03T14:37:42.485Z"}
info: server started... {"timestamp":"2024-02-03T14:37:44.372Z"}
info: server started... {"timestamp":"2024-02-03T14:37:54.200Z"}
info: server started... {"timestamp":"2024-02-03T14:37:56.583Z"}
info: server started... {"timestamp":"2024-02-03T14:38:16.433Z"}
info: server started... {"timestamp":"2024-02-03T14:39:06.880Z"}
info: server started... {"timestamp":"2024-02-03T14:40:34.282Z"}
info: server started... {"timestamp":"2024-02-03T14:42:05.074Z"}
info: server started... {"timestamp":"2024-02-03T14:42:13.062Z"}
info: server started... {"timestamp":"2024-02-03T14:42:29.038Z"}
info: server started... {"timestamp":"2024-02-03T14:42:40.848Z"}
info: server started... {"timestamp":"2024-02-03T14:44:38.597Z"}
info: server started... {"timestamp":"2024-02-03T14:45:10.904Z"}
info: server started... {"timestamp":"2024-02-03T14:45:38.990Z"}
info: server started... {"timestamp":"2024-02-03T14:45:44.773Z"}
info: server started... {"timestamp":"2024-02-03T14:46:17.355Z"}
info: server started... {"timestamp":"2024-02-03T14:47:42.137Z"}
info: server started... {"timestamp":"2024-02-03T14:48:04.228Z"}
info: server started... {"timestamp":"2024-02-03T14:48:55.956Z"}
info: server started... {"timestamp":"2024-02-03T14:49:25.803Z"}
info: server started... {"timestamp":"2024-02-03T14:49:41.446Z"}
info: server started... {"timestamp":"2024-02-03T14:49:52.400Z"}
info: created user admin {"timestamp":"2024-02-03T14:49:58.040Z"}
info: server started... {"timestamp":"2024-02-03T14:50:39.262Z"}
info: server started... {"timestamp":"2024-02-03T14:52:09.052Z"}
info: server started... {"timestamp":"2024-02-03T14:52:41.572Z"}
info: server started... {"timestamp":"2024-02-03T14:53:50.426Z"}
info: created user admin {"timestamp":"2024-02-03T14:53:56.853Z"}
info: server started... {"timestamp":"2024-02-03T14:55:13.578Z"}
info: server started... {"timestamp":"2024-02-03T14:55:27.838Z"}
info: server started... {"timestamp":"2024-02-03T14:56:50.074Z"}
info: server started... {"timestamp":"2024-02-03T14:59:58.590Z"}
info: server started... {"timestamp":"2024-02-03T15:00:57.673Z"}
info: server started... {"timestamp":"2024-02-04T02:00:44.654Z"}
info: server started... {"timestamp":"2024-02-04T02:01:07.659Z"}
info: created user rayhan {"timestamp":"2024-02-04T02:02:56.748Z"}
info: server started... {"timestamp":"2024-02-04T02:05:48.439Z"}
info: server started... {"timestamp":"2024-02-04T02:07:53.728Z"}
info: server started... {"timestamp":"2024-02-04T02:08:24.587Z"}
info: server started... {"timestamp":"2024-02-04T02:08:54.517Z"}
info: server started... {"timestamp":"2024-02-04T02:08:57.632Z"}
info: server started... {"timestamp":"2024-02-04T02:09:20.320Z"}
info: server started... {"timestamp":"2024-02-04T02:09:24.356Z"}
info: server started... {"timestamp":"2024-02-04T02:09:26.553Z"}
info: server started... {"timestamp":"2024-02-04T02:10:02.809Z"}
info: server started... {"timestamp":"2024-02-04T02:10:25.662Z"}
info: server started... {"timestamp":"2024-02-04T02:10:33.628Z"}
info: server started... {"timestamp":"2024-02-04T02:11:01.185Z"}
info: server started... {"timestamp":"2024-02-04T02:11:39.036Z"}
info: server started... {"timestamp":"2024-02-04T02:14:48.849Z"}
info: server started... {"timestamp":"2024-02-04T02:16:14.859Z"}
info: server started... {"timestamp":"2024-02-04T02:16:26.695Z"}
info: server started... {"timestamp":"2024-02-04T02:21:01.214Z"}
info: server started... {"timestamp":"2024-02-04T02:21:21.931Z"}
info: server started... {"timestamp":"2024-02-04T02:22:03.627Z"}
info: server started... {"timestamp":"2024-02-04T02:41:02.345Z"}
info: server started... {"timestamp":"2024-02-04T02:41:30.950Z"}
info: server started... {"timestamp":"2024-02-04T02:41:54.790Z"}
info: server started... {"timestamp":"2024-02-04T02:43:21.929Z"}
info: server started... {"timestamp":"2024-02-04T02:43:29.620Z"}
info: server started... {"timestamp":"2024-02-04T02:43:34.726Z"}
info: server started... {"timestamp":"2024-02-04T02:43:44.199Z"}
info: server started... {"timestamp":"2024-02-04T02:44:48.072Z"}
info: server started... {"timestamp":"2024-02-04T02:50:54.414Z"}
info: server started... {"timestamp":"2024-02-04T02:50:59.758Z"}
info: server started... {"timestamp":"2024-02-04T02:52:57.871Z"}
info: server started... {"timestamp":"2024-02-04T02:53:22.451Z"}
info: server started... {"timestamp":"2024-02-04T02:54:49.116Z"}
info: server started... {"timestamp":"2024-02-04T02:54:50.529Z"}
info: server started... {"timestamp":"2024-02-04T02:55:19.286Z"}
info: server started... {"timestamp":"2024-02-04T02:55:45.713Z"}
info: server started... {"timestamp":"2024-02-04T02:56:36.139Z"}
info: server started... {"timestamp":"2024-02-04T02:56:49.745Z"}
info: server started... {"timestamp":"2024-02-04T02:57:16.611Z"}
info: server started... {"timestamp":"2024-02-04T02:59:00.141Z"}
info: server started... {"timestamp":"2024-02-04T02:59:32.872Z"}
info: server started... {"timestamp":"2024-02-04T03:00:01.798Z"}
info: server started... {"timestamp":"2024-02-04T03:00:35.781Z"}
info: server started... {"timestamp":"2024-02-04T03:01:41.274Z"}
info: server started... {"timestamp":"2024-02-04T03:02:29.655Z"}
info: server started... {"timestamp":"2024-02-04T03:02:35.590Z"}
info: created user rayhan {"timestamp":"2024-02-04T03:02:49.492Z"}
info: server started... {"timestamp":"2024-02-04T03:05:04.602Z"}
info: server started... {"timestamp":"2024-02-04T03:06:00.840Z"}
info: server started... {"timestamp":"2024-02-04T03:06:03.267Z"}
info: created user john_doe {"timestamp":"2024-02-04T03:06:17.776Z"}
info: Added new note with title: Example Note by userId: 2 {"timestamp":"2024-02-04T03:06:43.810Z"}
info: server started... {"timestamp":"2024-02-04T03:08:38.311Z"}
info: server started... {"timestamp":"2024-02-04T03:09:28.786Z"}
info: server started... {"timestamp":"2024-02-04T03:09:30.327Z"}
info: server started... {"timestamp":"2024-02-04T03:09:34.658Z"}
info: server started... {"timestamp":"2024-02-04T03:09:40.766Z"}
info: Added new note with title: Example Note by userId: 2 {"timestamp":"2024-02-04T03:10:02.161Z"}
info: server started... {"timestamp":"2024-02-04T03:10:37.023Z"}
info: server started... {"timestamp":"2024-02-04T03:11:00.989Z"}
info: Added new note with title: Example Note by userId: 2 {"timestamp":"2024-02-04T03:11:19.229Z"}
info: server started... {"timestamp":"2024-02-04T03:12:40.060Z"}
info: server started... {"timestamp":"2024-02-04T03:12:43.717Z"}
info: server started... {"timestamp":"2024-02-04T03:16:33.033Z"}
info: server started... {"timestamp":"2024-02-04T03:17:09.344Z"}
info: server started... {"timestamp":"2024-02-04T03:18:12.246Z"}
info: server started... {"timestamp":"2024-02-04T03:19:05.486Z"}
info: server started... {"timestamp":"2024-02-04T03:19:08.319Z"}
info: server started... {"timestamp":"2024-02-04T03:20:03.971Z"}
info: server started... {"timestamp":"2024-02-04T03:20:33.841Z"}
info: server started... {"timestamp":"2024-02-04T03:21:54.835Z"}
info: server started... {"timestamp":"2024-02-04T03:24:00.987Z"}
info: server started... {"timestamp":"2024-02-04T03:24:57.617Z"}
info: server started... {"timestamp":"2024-02-04T03:25:53.204Z"}
info: server started... {"timestamp":"2024-02-04T03:26:28.980Z"}
info: server started... {"timestamp":"2024-02-04T03:26:48.009Z"}
info: server started... {"timestamp":"2024-02-04T03:27:17.857Z"}
info: server started... {"timestamp":"2024-02-04T03:27:31.552Z"}
info: server started... {"timestamp":"2024-02-04T03:28:03.568Z"}
info: server started... {"timestamp":"2024-02-04T03:28:09.967Z"}
info: server started... {"timestamp":"2024-02-04T03:31:21.792Z"}
info: server started... {"timestamp":"2024-02-04T03:31:40.075Z"}
info: server started... {"timestamp":"2024-02-04T03:32:40.226Z"}
info: server started... {"timestamp":"2024-02-04T03:32:43.819Z"}
info: server started... {"timestamp":"2024-02-04T03:33:39.939Z"}
info: server started... {"timestamp":"2024-02-04T03:34:47.983Z"}
info: server started... {"timestamp":"2024-02-04T03:36:30.036Z"}
info: server started... {"timestamp":"2024-02-04T03:36:57.899Z"}
info: server started... {"timestamp":"2024-02-04T03:37:18.659Z"}
info: server started... {"timestamp":"2024-02-04T03:39:24.579Z"}
